<?xml version="1.0" encoding="UTF-8"?>
<!-- Generated by org.testng.reporters.JUnitReportReporter -->
<testsuite hostname="aatif" failures="0" tests="1" name="com.jsonxml.demo.Jsonxmltest" time="9.762" errors="0" timestamp="2020-07-10T16:15:47 IST" skipped="0">
  <testcase classname="com.jsonxml.demo.Jsonxmltest" name="getTest" time="9.762"/>
  <system-out/>
</testsuite> <!-- com.jsonxml.demo.Jsonxmltest -->
